<?xml version="1.0" encoding="UTF-8"?>
<testng-results ignored="0" total="4" passed="4" failed="0" skipped="0">
  <reporter-output>
  </reporter-output>
  <suite started-at="2024-11-25T13:23:37 IST" name="Default suite" finished-at="2024-11-25T13:23:44 IST" duration-ms="6949">
    <groups>
    </groups>
    <test started-at="2024-11-25T13:23:37 IST" name="Default test" finished-at="2024-11-25T13:23:44 IST" duration-ms="6949">
      <class name="tests.RequestMethods">
        <test-method signature="getUser()[pri:1, instance:tests.RequestMethods@22555ebf]" started-at="2024-11-25T13:23:37 IST" name="getUser" finished-at="2024-11-25T13:23:41 IST" duration-ms="4039" status="PASS">
          <reporter-output>
          </reporter-output>
        </test-method> <!-- getUser -->
        <test-method signature="postUser()[pri:2, instance:tests.RequestMethods@22555ebf]" started-at="2024-11-25T13:23:41 IST" name="postUser" finished-at="2024-11-25T13:23:42 IST" duration-ms="912" status="PASS">
          <reporter-output>
          </reporter-output>
        </test-method> <!-- postUser -->
        <test-method signature="putUser()[pri:3, instance:tests.RequestMethods@22555ebf]" started-at="2024-11-25T13:23:42 IST" name="putUser" finished-at="2024-11-25T13:23:43 IST" duration-ms="1231" status="PASS">
          <reporter-output>
          </reporter-output>
        </test-method> <!-- putUser -->
        <test-method signature="deleteUser()[pri:4, instance:tests.RequestMethods@22555ebf]" started-at="2024-11-25T13:23:43 IST" name="deleteUser" finished-at="2024-11-25T13:23:44 IST" duration-ms="661" status="PASS">
          <reporter-output>
          </reporter-output>
        </test-method> <!-- deleteUser -->
      </class> <!-- tests.RequestMethods -->
    </test> <!-- Default test -->
  </suite> <!-- Default suite -->
</testng-results>
