<?xml version="1.0" encoding="UTF-8"?>
<testng-results ignored="0" total="1" passed="1" failed="0" skipped="0">
  <reporter-output>
  </reporter-output>
  <suite started-at="2024-11-05T11:36:15 IST" name="Default suite" finished-at="2024-11-05T11:36:18 IST" duration-ms="2808">
    <groups>
    </groups>
    <test started-at="2024-11-05T11:36:15 IST" name="Default test" finished-at="2024-11-05T11:36:18 IST" duration-ms="2808">
      <class name="tests.FirstClassEx">
        <test-method signature="test1()[pri:0, instance:tests.FirstClassEx@368f2016]" started-at="2024-11-05T11:36:15 IST" name="test1" finished-at="2024-11-05T11:36:18 IST" duration-ms="2724" status="PASS">
          <reporter-output>
          </reporter-output>
        </test-method> <!-- test1 -->
      </class> <!-- tests.FirstClassEx -->
    </test> <!-- Default test -->
  </suite> <!-- Default suite -->
</testng-results>
