<?xml version="1.0" encoding="UTF-8"?>
<testng-results ignored="0" total="1" passed="1" failed="0" skipped="0">
  <reporter-output>
  </reporter-output>
  <suite started-at="2024-11-04T16:45:49 IST" name="Suite" finished-at="2024-11-04T16:45:49 IST" duration-ms="84">
    <groups>
      <group name="regression">
        <method signature="GroupsEx.test7()[pri:0, instance:datadriven.GroupsEx@79d8407f]" name="test7" class="datadriven.GroupsEx"/>
      </group> <!-- regression -->
      <group name="smoke">
        <method signature="GroupsEx.test7()[pri:0, instance:datadriven.GroupsEx@79d8407f]" name="test7" class="datadriven.GroupsEx"/>
      </group> <!-- smoke -->
    </groups>
    <test started-at="2024-11-04T16:45:49 IST" name="Test" finished-at="2024-11-04T16:45:49 IST" duration-ms="84">
      <class name="datadriven.GroupsEx">
        <test-method signature="test7()[pri:0, instance:datadriven.GroupsEx@79d8407f]" started-at="2024-11-04T16:45:49 IST" name="test7" finished-at="2024-11-04T16:45:49 IST" duration-ms="14" status="PASS">
          <reporter-output>
          </reporter-output>
        </test-method> <!-- test7 -->
      </class> <!-- datadriven.GroupsEx -->
    </test> <!-- Test -->
  </suite> <!-- Suite -->
</testng-results>
