<?xml version="1.0" encoding="UTF-8"?>
<!-- Generated by org.testng.reporters.JUnitXMLReporter -->
<testsuite ignored="6" hostname="DESKTOP-3K2U0MI" failures="0" tests="1" name="Test" time="0.084" errors="0" timestamp="2024-11-04T16:45:49 IST">
  <testcase classname="datadriven.GroupsEx" name="test7" time="0.014"/>
  <testcase classname="datadriven.GroupsEx" name="test2" time="0.0">
    <ignored/>
  </testcase> <!-- test2 -->
  <testcase classname="datadriven.GroupsEx" name="test1" time="0.0">
    <ignored/>
  </testcase> <!-- test1 -->
  <testcase classname="datadriven.GroupsEx" name="test4" time="0.0">
    <ignored/>
  </testcase> <!-- test4 -->
  <testcase classname="datadriven.GroupsEx" name="test3" time="0.0">
    <ignored/>
  </testcase> <!-- test3 -->
  <testcase classname="datadriven.GroupsEx" name="test6" time="0.0">
    <ignored/>
  </testcase> <!-- test6 -->
  <testcase classname="datadriven.GroupsEx" name="test5" time="0.0">
    <ignored/>
  </testcase> <!-- test5 -->
</testsuite> <!-- Test -->
