<?xml version="1.0" encoding="UTF-8"?>
<!-- Generated by org.testng.reporters.JUnitXMLReporter -->
<testsuite ignored="0" hostname="DESKTOP-3K2U0MI" failures="0" tests="4" name="Default test" time="6.949" errors="0" timestamp="2024-11-25T13:23:44 IST">
  <testcase classname="tests.RequestMethods" name="getUser" time="4.039"/>
  <testcase classname="tests.RequestMethods" name="postUser" time="0.912"/>
  <testcase classname="tests.RequestMethods" name="putUser" time="1.231"/>
  <testcase classname="tests.RequestMethods" name="deleteUser" time="0.661"/>
</testsuite> <!-- Default test -->
