<?xml version="1.0" encoding="UTF-8"?>
<!-- Generated by org.testng.reporters.JUnitXMLReporter -->
<testsuite ignored="0" hostname="DESKTOP-3K2U0MI" failures="0" tests="4" name="Default test" time="6.011" errors="0" timestamp="2024-11-06T15:56:42 IST">
  <testcase classname="tests.RequestMethods" name="getUser" time="3.713"/>
  <testcase classname="tests.RequestMethods" name="postUser" time="0.665"/>
  <testcase classname="tests.RequestMethods" name="putUser" time="0.93"/>
  <testcase classname="tests.RequestMethods" name="deleteUser" time="0.608"/>
</testsuite> <!-- Default test -->
